<?xml version="1.0" encoding="UTF-8"?>
<!-- Generated by org.testng.reporters.JUnitReportReporter -->
<testsuite hostname="LAPTOP-VFRUA80I" failures="0" tests="1" name="TestData.TestData1" time="0.012" errors="0" timestamp="2023-12-14T12:35:50 IST" skipped="0">
  <testcase classname="TestData.TestData1" name="M1" time="0.012"/>
  <system-out/>
</testsuite> <!-- TestData.TestData1 -->
